This is pdfTeX, Version 3.14159265-2.6-1.40.17 (MiKTeX 2.9.6100 64-bit) (preloaded format=pdflatex 2016.11.30)  11 MAR 2018 19:54
entering extended mode
**./readme.tex
(readme.tex
LaTeX2e <2016/03/31> patch level 3
Babel <3.9r> and hyphenation patterns for 75 language(s) loaded.
("C:\Program Files\MiKTeX 2.9\tex\latex\base\article.cls"
Document Class: article 2014/09/29 v1.4h Standard LaTeX document class
("C:\Program Files\MiKTeX 2.9\tex\latex\base\size10.clo"
File: size10.clo 2014/09/29 v1.4h Standard LaTeX file (size option)
)
\c@part=\count79
\c@section=\count80
\c@subsection=\count81
\c@subsubsection=\count82
\c@paragraph=\count83
\c@subparagraph=\count84
\c@figure=\count85
\c@table=\count86
\abovecaptionskip=\skip41
\belowcaptionskip=\skip42
\bibindent=\dimen102
)
("C:\Program Files\MiKTeX 2.9\tex\latex\graphics\graphicx.sty"
Package: graphicx 2014/10/28 v1.0g Enhanced LaTeX Graphics (DPC,SPQR)

("C:\Program Files\MiKTeX 2.9\tex\latex\graphics\keyval.sty"
Package: keyval 2014/10/28 v1.15 key=value parser (DPC)
\KV@toks@=\toks14
)
("C:\Program Files\MiKTeX 2.9\tex\latex\graphics\graphics.sty"
Package: graphics 2016/07/10 v1.0t Standard LaTeX Graphics (DPC,SPQR)

("C:\Program Files\MiKTeX 2.9\tex\latex\graphics\trig.sty"
Package: trig 2016/01/03 v1.10 sin cos tan (DPC)
)
("C:\Program Files\MiKTeX 2.9\tex\latex\graphics-cfg\graphics.cfg"
File: graphics.cfg 2016/06/04 v1.11 sample graphics configuration
)
Package graphics Info: Driver file: pdftex.def on input line 99.

("C:\Program Files\MiKTeX 2.9\tex\latex\graphics-def\pdftex.def"
File: pdftex.def 2016/07/10 v0.06j Graphics/color for pdfTeX

("C:\Program Files\MiKTeX 2.9\tex\generic\oberdiek\infwarerr.sty"
Package: infwarerr 2016/05/16 v1.4 Providing info/warning/error messages (HO)
)
("C:\Program Files\MiKTeX 2.9\tex\generic\oberdiek\ltxcmds.sty"
Package: ltxcmds 2016/05/16 v1.23 LaTeX kernel commands for general use (HO)
)
\Gread@gobject=\count87
))
\Gin@req@height=\dimen103
\Gin@req@width=\dimen104
)
("C:\Program Files\MiKTeX 2.9\tex\latex\amsmath\amsmath.sty"
Package: amsmath 2016/06/28 v2.15d AMS math features
\@mathmargin=\skip43

For additional information on amsmath, use the `?' option.
("C:\Program Files\MiKTeX 2.9\tex\latex\amsmath\amstext.sty"
Package: amstext 2000/06/29 v2.01 AMS text

("C:\Program Files\MiKTeX 2.9\tex\latex\amsmath\amsgen.sty"
File: amsgen.sty 1999/11/30 v2.0 generic functions
\@emptytoks=\toks15
\ex@=\dimen105
))
("C:\Program Files\MiKTeX 2.9\tex\latex\amsmath\amsbsy.sty"
Package: amsbsy 1999/11/29 v1.2d Bold Symbols
\pmbraise@=\dimen106
)
("C:\Program Files\MiKTeX 2.9\tex\latex\amsmath\amsopn.sty"
Package: amsopn 2016/03/08 v2.02 operator names
)
\inf@bad=\count88
LaTeX Info: Redefining \frac on input line 199.
\uproot@=\count89
\leftroot@=\count90
LaTeX Info: Redefining \overline on input line 297.
\classnum@=\count91
\DOTSCASE@=\count92
LaTeX Info: Redefining \ldots on input line 394.
LaTeX Info: Redefining \dots on input line 397.
LaTeX Info: Redefining \cdots on input line 518.
\Mathstrutbox@=\box26
\strutbox@=\box27
\big@size=\dimen107
LaTeX Font Info:    Redeclaring font encoding OML on input line 634.
LaTeX Font Info:    Redeclaring font encoding OMS on input line 635.
\macc@depth=\count93
\c@MaxMatrixCols=\count94
\dotsspace@=\muskip10
\c@parentequation=\count95
\dspbrk@lvl=\count96
\tag@help=\toks16
\row@=\count97
\column@=\count98
\maxfields@=\count99
\andhelp@=\toks17
\eqnshift@=\dimen108
\alignsep@=\dimen109
\tagshift@=\dimen110
\tagwidth@=\dimen111
\totwidth@=\dimen112
\lineht@=\dimen113
\@envbody=\toks18
\multlinegap=\skip44
\multlinetaggap=\skip45
\mathdisplay@stack=\toks19
LaTeX Info: Redefining \[ on input line 2739.
LaTeX Info: Redefining \] on input line 2740.
)
("C:\Program Files\MiKTeX 2.9\tex\latex\amsfonts\amssymb.sty"
Package: amssymb 2013/01/14 v3.01 AMS font symbols

("C:\Program Files\MiKTeX 2.9\tex\latex\amsfonts\amsfonts.sty"
Package: amsfonts 2013/01/14 v3.01 Basic AMSFonts support
\symAMSa=\mathgroup4
\symAMSb=\mathgroup5
LaTeX Font Info:    Overwriting math alphabet `\mathfrak' in version `bold'
(Font)                  U/euf/m/n --> U/euf/b/n on input line 106.
))
("C:\Program Files\MiKTeX 2.9\tex\latex\tools\dcolumn.sty"
Package: dcolumn 2014/10/28 v1.06 decimal alignment package (DPC)

("C:\Program Files\MiKTeX 2.9\tex\latex\tools\array.sty"
Package: array 2014/10/28 v2.4c Tabular extension package (FMi)
\col@sep=\dimen114
\extrarowheight=\dimen115
\NC@list=\toks20
\extratabsurround=\skip46
\backup@length=\skip47
))
("C:\Program Files\MiKTeX 2.9\tex\latex\tools\bm.sty"
Package: bm 2016/07/07 v1.2b Bold Symbol Support (DPC/FMi)
\symboldoperators=\mathgroup6
\symboldletters=\mathgroup7
\symboldsymbols=\mathgroup8
LaTeX Font Info:    Redeclaring math alphabet \mathbf on input line 142.
LaTeX Info: Redefining \bm on input line 208.
)
("C:\Program Files\MiKTeX 2.9\tex\latex\graphics\color.sty"
Package: color 2016/07/10 v1.1e Standard LaTeX Color (DPC)

("C:\Program Files\MiKTeX 2.9\tex\latex\graphics-cfg\color.cfg"
File: color.cfg 2016/01/02 v1.6 sample color configuration
)
Package color Info: Driver file: pdftex.def on input line 147.
)
("C:\Program Files\MiKTeX 2.9\tex\latex\psnfss\times.sty"
Package: times 2005/04/12 PSNFSS-v9.2a (SPQR) 
)
("C:\Program Files\MiKTeX 2.9\tex\latex\hyperref\hyperref.sty"
Package: hyperref 2016/06/24 v6.83q Hypertext links for LaTeX

("C:\Program Files\MiKTeX 2.9\tex\generic\oberdiek\hobsub-hyperref.sty"
Package: hobsub-hyperref 2016/05/16 v1.14 Bundle oberdiek, subset hyperref (HO)


("C:\Program Files\MiKTeX 2.9\tex\generic\oberdiek\hobsub-generic.sty"
Package: hobsub-generic 2016/05/16 v1.14 Bundle oberdiek, subset generic (HO)
Package: hobsub 2016/05/16 v1.14 Construct package bundles (HO)
Package hobsub Info: Skipping package `infwarerr' (already loaded).
Package hobsub Info: Skipping package `ltxcmds' (already loaded).
Package: ifluatex 2016/05/16 v1.4 Provides the ifluatex switch (HO)
Package ifluatex Info: LuaTeX not detected.
Package: ifvtex 2016/05/16 v1.6 Detect VTeX and its facilities (HO)
Package ifvtex Info: VTeX not detected.
Package: intcalc 2016/05/16 v1.2 Expandable calculations with integers (HO)
Package: ifpdf 2016/05/14 v3.1 Provides the ifpdf switch
Package: etexcmds 2016/05/16 v1.6 Avoid name clashes with e-TeX commands (HO)
Package etexcmds Info: Could not find \expanded.
(etexcmds)             That can mean that you are not using pdfTeX 1.50 or
(etexcmds)             that some package has redefined \expanded.
(etexcmds)             In the latter case, load this package earlier.
Package: kvsetkeys 2016/05/16 v1.17 Key value parser (HO)
Package: kvdefinekeys 2016/05/16 v1.4 Define keys (HO)
Package: pdftexcmds 2016/05/21 v0.22 Utility functions of pdfTeX for LuaTeX (HO
)
Package pdftexcmds Info: LuaTeX not detected.
Package pdftexcmds Info: \pdf@primitive is available.
Package pdftexcmds Info: \pdf@ifprimitive is available.
Package pdftexcmds Info: \pdfdraftmode found.
Package: pdfescape 2016/05/16 v1.14 Implements pdfTeX's escape features (HO)
Package: bigintcalc 2016/05/16 v1.4 Expandable calculations on big integers (HO
)
Package: bitset 2016/05/16 v1.2 Handle bit-vector datatype (HO)
Package: uniquecounter 2016/05/16 v1.3 Provide unlimited unique counter (HO)
)
Package hobsub Info: Skipping package `hobsub' (already loaded).
Package: letltxmacro 2016/05/16 v1.5 Let assignment for LaTeX macros (HO)
Package: hopatch 2016/05/16 v1.3 Wrapper for package hooks (HO)
Package: xcolor-patch 2016/05/16 xcolor patch
Package: atveryend 2016/05/16 v1.9 Hooks at the very end of document (HO)
Package atveryend Info: \enddocument detected (standard20110627).
Package: atbegshi 2016/06/09 v1.18 At begin shipout hook (HO)
Package: refcount 2016/05/16 v3.5 Data extraction from label references (HO)
Package: hycolor 2016/05/16 v1.8 Color options for hyperref/bookmark (HO)
)
("C:\Program Files\MiKTeX 2.9\tex\generic\ifxetex\ifxetex.sty"
Package: ifxetex 2010/09/12 v0.6 Provides ifxetex conditional
)
("C:\Program Files\MiKTeX 2.9\tex\latex\oberdiek\auxhook.sty"
Package: auxhook 2016/05/16 v1.4 Hooks for auxiliary files (HO)
)
("C:\Program Files\MiKTeX 2.9\tex\latex\oberdiek\kvoptions.sty"
Package: kvoptions 2016/05/16 v3.12 Key value format for package options (HO)
)
\@linkdim=\dimen116
\Hy@linkcounter=\count100
\Hy@pagecounter=\count101

("C:\Program Files\MiKTeX 2.9\tex\latex\hyperref\pd1enc.def"
File: pd1enc.def 2016/06/24 v6.83q Hyperref: PDFDocEncoding definition (HO)
)
\Hy@SavedSpaceFactor=\count102

("C:\Program Files\MiKTeX 2.9\tex\latex\00miktex\hyperref.cfg"
File: hyperref.cfg 2002/06/06 v1.2 hyperref configuration of TeXLive
)
Package hyperref Info: Hyper figures OFF on input line 4486.
Package hyperref Info: Link nesting OFF on input line 4491.
Package hyperref Info: Hyper index ON on input line 4494.
Package hyperref Info: Plain pages OFF on input line 4501.
Package hyperref Info: Backreferencing OFF on input line 4506.
Package hyperref Info: Implicit mode ON; LaTeX internals redefined.
Package hyperref Info: Bookmarks ON on input line 4735.
\c@Hy@tempcnt=\count103

("C:\Program Files\MiKTeX 2.9\tex\latex\url\url.sty"
\Urlmuskip=\muskip11
Package: url 2013/09/16  ver 3.4  Verb mode for urls, etc.
)
LaTeX Info: Redefining \url on input line 5088.
\XeTeXLinkMargin=\dimen117
\Fld@menulength=\count104
\Field@Width=\dimen118
\Fld@charsize=\dimen119
Package hyperref Info: Hyper figures OFF on input line 6342.
Package hyperref Info: Link nesting OFF on input line 6347.
Package hyperref Info: Hyper index ON on input line 6350.
Package hyperref Info: backreferencing OFF on input line 6357.
Package hyperref Info: Link coloring OFF on input line 6362.
Package hyperref Info: Link coloring with OCG OFF on input line 6367.
Package hyperref Info: PDF/A mode OFF on input line 6372.
LaTeX Info: Redefining \ref on input line 6412.
LaTeX Info: Redefining \pageref on input line 6416.
\Hy@abspage=\count105
\c@Item=\count106
\c@Hfootnote=\count107
)

Package hyperref Message: Driver (autodetected): hpdftex.

("C:\Program Files\MiKTeX 2.9\tex\latex\hyperref\hpdftex.def"
File: hpdftex.def 2016/06/24 v6.83q Hyperref driver for pdfTeX
\Fld@listcount=\count108
\c@bookmark@seq@number=\count109

("C:\Program Files\MiKTeX 2.9\tex\latex\oberdiek\rerunfilecheck.sty"
Package: rerunfilecheck 2016/05/16 v1.8 Rerun checks for auxiliary files (HO)
Package uniquecounter Info: New unique counter `rerunfilecheck' on input line 2
82.
)
\Hy@SectionHShift=\skip48
)
("C:\Program Files\MiKTeX 2.9\tex\latex\geometry\geometry.sty"
Package: geometry 2010/09/12 v5.6 Page Geometry
\Gm@cnth=\count110
\Gm@cntv=\count111
\c@Gm@tempcnt=\count112
\Gm@bindingoffset=\dimen120
\Gm@wd@mp=\dimen121
\Gm@odd@mp=\dimen122
\Gm@even@mp=\dimen123
\Gm@layoutwidth=\dimen124
\Gm@layoutheight=\dimen125
\Gm@layouthoffset=\dimen126
\Gm@layoutvoffset=\dimen127
\Gm@dimlist=\toks21

("C:\Program Files\MiKTeX 2.9\tex\latex\geometry\geometry.cfg"))

Package hyperref Warning: Option `backref' has already been used,
(hyperref)                setting the option has no effect on input line 17.

Package hyperref Info: Option `colorlinks' set `true' on input line 17.
(readme.aux)
\openout1 = `readme.aux'.

LaTeX Font Info:    Checking defaults for OML/cmm/m/it on input line 19.
LaTeX Font Info:    ... okay on input line 19.
LaTeX Font Info:    Checking defaults for T1/cmr/m/n on input line 19.
LaTeX Font Info:    ... okay on input line 19.
LaTeX Font Info:    Checking defaults for OT1/cmr/m/n on input line 19.
LaTeX Font Info:    ... okay on input line 19.
LaTeX Font Info:    Checking defaults for OMS/cmsy/m/n on input line 19.
LaTeX Font Info:    ... okay on input line 19.
LaTeX Font Info:    Checking defaults for OMX/cmex/m/n on input line 19.
LaTeX Font Info:    ... okay on input line 19.
LaTeX Font Info:    Checking defaults for U/cmr/m/n on input line 19.
LaTeX Font Info:    ... okay on input line 19.
LaTeX Font Info:    Checking defaults for PD1/pdf/m/n on input line 19.
LaTeX Font Info:    ... okay on input line 19.
LaTeX Font Info:    Try loading font information for OT1+ptm on input line 19.
 ("C:\Program Files\MiKTeX 2.9\tex\latex\psnfss\ot1ptm.fd"
File: ot1ptm.fd 2001/06/04 font definitions for OT1/ptm.
)
("C:\Program Files\MiKTeX 2.9\tex\context\base\supp-pdf.mkii"
[Loading MPS to PDF converter (version 2006.09.02).]
\scratchcounter=\count113
\scratchdimen=\dimen128
\scratchbox=\box28
\nofMPsegments=\count114
\nofMParguments=\count115
\everyMPshowfont=\toks22
\MPscratchCnt=\count116
\MPscratchDim=\dimen129
\MPnumerator=\count117
\makeMPintoPDFobject=\count118
\everyMPtoPDFconversion=\toks23
) ("C:\Program Files\MiKTeX 2.9\tex\latex\oberdiek\epstopdf-base.sty"
Package: epstopdf-base 2016/05/15 v2.6 Base part for package epstopdf

("C:\Program Files\MiKTeX 2.9\tex\latex\oberdiek\grfext.sty"
Package: grfext 2016/05/16 v1.2 Manage graphics extensions (HO)
)
Package epstopdf-base Info: Redefining graphics rule for `.eps' on input line 4
38.
Package grfext Info: Graphics extension search list:
(grfext)             [.png,.pdf,.jpg,.mps,.jpeg,.jbig2,.jb2,.PNG,.PDF,.JPG,.JPE
G,.JBIG2,.JB2,.eps]
(grfext)             \AppendGraphicsExtensions on input line 456.
)
\AtBeginShipoutBox=\box29
Package hyperref Info: Link coloring ON on input line 19.

("C:\Program Files\MiKTeX 2.9\tex\latex\hyperref\nameref.sty"
Package: nameref 2016/05/21 v2.44 Cross-referencing by name of section

("C:\Program Files\MiKTeX 2.9\tex\generic\oberdiek\gettitlestring.sty"
Package: gettitlestring 2016/05/16 v1.5 Cleanup title references (HO)
)
\c@section@level=\count119
)
LaTeX Info: Redefining \ref on input line 19.
LaTeX Info: Redefining \pageref on input line 19.
LaTeX Info: Redefining \nameref on input line 19.

(readme.out) (readme.out)
\@outlinefile=\write3
\openout3 = `readme.out'.


*geometry* driver: auto-detecting
*geometry* detected driver: pdftex
*geometry* verbose mode - [ preamble ] result:
* driver: pdftex
* paper: a4paper
* layout: <same size as paper>
* layoutoffset:(h,v)=(0.0pt,0.0pt)
* modes: 
* h-part:(L,W,R)=(89.62709pt, 418.25368pt, 89.6271pt)
* v-part:(T,H,B)=(101.40665pt, 591.5302pt, 152.11pt)
* \paperwidth=597.50787pt
* \paperheight=845.04684pt
* \textwidth=418.25368pt
* \textheight=591.5302pt
* \oddsidemargin=17.3571pt
* \evensidemargin=17.3571pt
* \topmargin=-7.86334pt
* \headheight=12.0pt
* \headsep=25.0pt
* \topskip=10.0pt
* \footskip=30.0pt
* \marginparwidth=57.0pt
* \marginparsep=11.0pt
* \columnsep=10.0pt
* \skip\footins=9.0pt plus 4.0pt minus 2.0pt
* \hoffset=0.0pt
* \voffset=0.0pt
* \mag=1000
* \@twocolumnfalse
* \@twosidefalse
* \@mparswitchfalse
* \@reversemarginfalse
* (1in=72.27pt=25.4mm, 1cm=28.453pt)

LaTeX Font Info:    Try loading font information for OT1+pcr on input line 23.
("C:\Program Files\MiKTeX 2.9\tex\latex\psnfss\ot1pcr.fd"
File: ot1pcr.fd 2001/06/04 font definitions for OT1/pcr.
)
LaTeX Font Info:    Try loading font information for U+msa on input line 23.

("C:\Program Files\MiKTeX 2.9\tex\latex\amsfonts\umsa.fd"
File: umsa.fd 2013/01/14 v3.01 AMS symbols A
)
LaTeX Font Info:    Try loading font information for U+msb on input line 23.

("C:\Program Files\MiKTeX 2.9\tex\latex\amsfonts\umsb.fd"
File: umsb.fd 2013/01/14 v3.01 AMS symbols B
)

LaTeX Warning: No \author given.

LaTeX Font Info:    Font shape `OT1/ptm/bx/n' in size <14.4> not available
(Font)              Font shape `OT1/ptm/b/n' tried instead on input line 23.
LaTeX Font Info:    Try loading font information for OMS+ptm on input line 37.
("C:\Program Files\MiKTeX 2.9\tex\latex\psnfss\omsptm.fd"
File: omsptm.fd 
)
LaTeX Font Info:    Font shape `OMS/ptm/m/n' in size <10> not available
(Font)              Font shape `OMS/cmsy/m/n' tried instead on input line 37.
 [1

{C:/ProgramData/MiKTeX/2.9/pdftex/config/pdftex.map}]
Underfull \hbox (badness 10000) in paragraph at lines 39--40

 []


Overfull \hbox (10.26396pt too wide) in paragraph at lines 47--48
\OT1/ptm/m/n/10 where \OT1/pcr/m/n/10 itype \OT1/ptm/m/n/10 iden-ti-fies the ty
pe of the flux file. The only type cur-rently sup-ported by \OT1/pcr/m/n/10 SPE
CTRA-PKA
 []


Overfull \hbox (0.61337pt too wide) in paragraph at lines 47--48
\OT1/ptm/m/n/10 for-mat shown above. \OT1/pcr/m/n/10 dummyi \OT1/ptm/m/n/10 are
 ob-so-lete en-tries where an in-te-ger value is still ex-pected. \OT1/pcr/m/n/
10 igroup
 []

[2] [3]
Overfull \hbox (13.60234pt too wide) in paragraph at lines 74--75
\OT1/ptm/m/n/10 energy bin bound-aries as-so-ci-ated with each PKA en-ergy bin 
fol-low-ing the Lindhard-Scharff-Schitt [[]]
 []


Overfull \hbox (19.45233pt too wide) in paragraph at lines 75--76
[]\OT1/pcr/m/n/10 assumed[]ed \OT1/ptm/m/n/10 [\OT1/pcr/m/n/10 40.0\OT1/ptm/m/n
/10 ] --- thresh-old dis-place-ment en-ergy (in eV) for the ma-te-rial used for
 displacements-
 []

[4]
Overfull \hbox (32.94661pt too wide) in paragraph at lines 94--94
[]\OT1/pcr/m/n/8 columns= pka_filename pka_ratios parent_ele parent_num ngamma_
parent_mass ngamma_daughter_mass[] 
 []


Overfull \hbox (32.94661pt too wide) in paragraph at lines 132--132
[]\OT1/pcr/m/n/8 columns= pka_filename pka_ratios parent_ele parent_num ngamma_
parent_mass ngamma_daughter_mass[] 
 []

[5]
LaTeX Font Info:    Font shape `OT1/ptm/bx/n' in size <10> not available
(Font)              Font shape `OT1/ptm/b/n' tried instead on input line 135.

Overfull \hbox (30.00319pt too wide) in paragraph at lines 135--136
\OT1/ptm/m/n/10 cur-rently used in the .plt files are ap-pro-pri-ate for the ex
-am-ple re-sults (see \OT1/pcr/m/n/10 example_results/ZR.indexes\OT1/ptm/m/n/10
 ).
 []

Package epstopdf Info: Source file: <ZR_elemental.eps>
(epstopdf)                    date: 2016-11-21 11:56:50
(epstopdf)                    size: 31764 bytes
(epstopdf)             Output file: <ZR_elemental-eps-converted-to.pdf>
(epstopdf)                    date: 2018-03-11 18:55:32
(epstopdf)                    size: 9618 bytes
(epstopdf)             Command: <epstopdf --outfile=ZR_elemental-eps-converted-
to.pdf ZR_elemental.eps>
(epstopdf)             \includegraphics on input line 143.
Package epstopdf Info: Output file is already uptodate.
<ZR_elemental-eps-converted-to.pdf, id=68, 274.02374pt x 178.6675pt>
File: ZR_elemental-eps-converted-to.pdf Graphic file (type pdf)

<use ZR_elemental-eps-converted-to.pdf>
Package pdftex.def Info: ZR_elemental-eps-converted-to.pdf used on input line 1
43.
(pdftex.def)             Requested size: 292.77629pt x 190.90788pt.
Package epstopdf Info: Source file: <ZR_isotope.eps>
(epstopdf)                    date: 2016-11-21 11:55:47
(epstopdf)                    size: 44356 bytes
(epstopdf)             Output file: <ZR_isotope-eps-converted-to.pdf>
(epstopdf)                    date: 2018-03-11 18:55:34
(epstopdf)                    size: 17500 bytes
(epstopdf)             Command: <epstopdf --outfile=ZR_isotope-eps-converted-to
.pdf ZR_isotope.eps>
(epstopdf)             \includegraphics on input line 145.
Package epstopdf Info: Output file is already uptodate.

<ZR_isotope-eps-converted-to.pdf, id=69, 274.02374pt x 244.915pt>
File: ZR_isotope-eps-converted-to.pdf Graphic file (type pdf)

<use ZR_isotope-eps-converted-to.pdf>
Package pdftex.def Info: ZR_isotope-eps-converted-to.pdf used on input line 145
.
(pdftex.def)             Requested size: 209.12683pt x 186.91463pt.

Overfull \hbox (40.97032pt too wide) in paragraph at lines 141--146
[] [][] 
 []


Underfull \hbox (badness 10000) in paragraph at lines 141--146

 []

[6 <./ZR_elemental-eps-converted-to.pdf> <./ZR_isotope-eps-converted-to.pdf>]
Package atveryend Info: Empty hook `BeforeClearDocument' on input line 203.

[7]
Package atveryend Info: Empty hook `AfterLastShipout' on input line 203.
 (readme.aux)
Package atveryend Info: Executing hook `AtVeryEndDocument' on input line 203.


 *File List*
 article.cls    2014/09/29 v1.4h Standard LaTeX document class
  size10.clo    2014/09/29 v1.4h Standard LaTeX file (size option)
graphicx.sty    2014/10/28 v1.0g Enhanced LaTeX Graphics (DPC,SPQR)
  keyval.sty    2014/10/28 v1.15 key=value parser (DPC)
graphics.sty    2016/07/10 v1.0t Standard LaTeX Graphics (DPC,SPQR)
    trig.sty    2016/01/03 v1.10 sin cos tan (DPC)
graphics.cfg    2016/06/04 v1.11 sample graphics configuration
  pdftex.def    2016/07/10 v0.06j Graphics/color for pdfTeX
infwarerr.sty    2016/05/16 v1.4 Providing info/warning/error messages (HO)
 ltxcmds.sty    2016/05/16 v1.23 LaTeX kernel commands for general use (HO)
 amsmath.sty    2016/06/28 v2.15d AMS math features
 amstext.sty    2000/06/29 v2.01 AMS text
  amsgen.sty    1999/11/30 v2.0 generic functions
  amsbsy.sty    1999/11/29 v1.2d Bold Symbols
  amsopn.sty    2016/03/08 v2.02 operator names
 amssymb.sty    2013/01/14 v3.01 AMS font symbols
amsfonts.sty    2013/01/14 v3.01 Basic AMSFonts support
 dcolumn.sty    2014/10/28 v1.06 decimal alignment package (DPC)
   array.sty    2014/10/28 v2.4c Tabular extension package (FMi)
      bm.sty    2016/07/07 v1.2b Bold Symbol Support (DPC/FMi)
   color.sty    2016/07/10 v1.1e Standard LaTeX Color (DPC)
   color.cfg    2016/01/02 v1.6 sample color configuration
   times.sty    2005/04/12 PSNFSS-v9.2a (SPQR) 
hyperref.sty    2016/06/24 v6.83q Hypertext links for LaTeX
hobsub-hyperref.sty    2016/05/16 v1.14 Bundle oberdiek, subset hyperref (HO)
hobsub-generic.sty    2016/05/16 v1.14 Bundle oberdiek, subset generic (HO)
  hobsub.sty    2016/05/16 v1.14 Construct package bundles (HO)
ifluatex.sty    2016/05/16 v1.4 Provides the ifluatex switch (HO)
  ifvtex.sty    2016/05/16 v1.6 Detect VTeX and its facilities (HO)
 intcalc.sty    2016/05/16 v1.2 Expandable calculations with integers (HO)
   ifpdf.sty    2016/05/14 v3.1 Provides the ifpdf switch
etexcmds.sty    2016/05/16 v1.6 Avoid name clashes with e-TeX commands (HO)
kvsetkeys.sty    2016/05/16 v1.17 Key value parser (HO)
kvdefinekeys.sty    2016/05/16 v1.4 Define keys (HO)
pdftexcmds.sty    2016/05/21 v0.22 Utility functions of pdfTeX for LuaTeX (HO)
pdfescape.sty    2016/05/16 v1.14 Implements pdfTeX's escape features (HO)
bigintcalc.sty    2016/05/16 v1.4 Expandable calculations on big integers (HO)
  bitset.sty    2016/05/16 v1.2 Handle bit-vector datatype (HO)
uniquecounter.sty    2016/05/16 v1.3 Provide unlimited unique counter (HO)
letltxmacro.sty    2016/05/16 v1.5 Let assignment for LaTeX macros (HO)
 hopatch.sty    2016/05/16 v1.3 Wrapper for package hooks (HO)
xcolor-patch.sty    2016/05/16 xcolor patch
atveryend.sty    2016/05/16 v1.9 Hooks at the very end of document (HO)
atbegshi.sty    2016/06/09 v1.18 At begin shipout hook (HO)
refcount.sty    2016/05/16 v3.5 Data extraction from label references (HO)
 hycolor.sty    2016/05/16 v1.8 Color options for hyperref/bookmark (HO)
 ifxetex.sty    2010/09/12 v0.6 Provides ifxetex conditional
 auxhook.sty    2016/05/16 v1.4 Hooks for auxiliary files (HO)
kvoptions.sty    2016/05/16 v3.12 Key value format for package options (HO)
  pd1enc.def    2016/06/24 v6.83q Hyperref: PDFDocEncoding definition (HO)
hyperref.cfg    2002/06/06 v1.2 hyperref configuration of TeXLive
     url.sty    2013/09/16  ver 3.4  Verb mode for urls, etc.
 hpdftex.def    2016/06/24 v6.83q Hyperref driver for pdfTeX
rerunfilecheck.sty    2016/05/16 v1.8 Rerun checks for auxiliary files (HO)
geometry.sty    2010/09/12 v5.6 Page Geometry
geometry.cfg
  ot1ptm.fd    2001/06/04 font definitions for OT1/ptm.
supp-pdf.mkii
epstopdf-base.sty    2016/05/15 v2.6 Base part for package epstopdf
  grfext.sty    2016/05/16 v1.2 Manage graphics extensions (HO)
 nameref.sty    2016/05/21 v2.44 Cross-referencing by name of section
gettitlestring.sty    2016/05/16 v1.5 Cleanup title references (HO)
  readme.out
  readme.out
  ot1pcr.fd    2001/06/04 font definitions for OT1/pcr.
    umsa.fd    2013/01/14 v3.01 AMS symbols A
    umsb.fd    2013/01/14 v3.01 AMS symbols B
  omsptm.fd    
ZR_elemental-eps-converted-to.pdf    Graphic file (type pdf)
ZR_isotope-eps-converted-to.pdf    Graphic file (type pdf)
 ***********

Package atveryend Info: Executing hook `AtEndAfterFileList' on input line 203.
Package rerunfilecheck Info: File `readme.out' has not changed.
(rerunfilecheck)             Checksum: 0A16A7096174130377BB9E472C71A1EC;264.
Package atveryend Info: Empty hook `AtVeryVeryEnd' on input line 203.
 ) 
Here is how much of TeX's memory you used:
 6760 strings out of 493333
 96433 string characters out of 3139184
 191599 words of memory out of 3000000
 10147 multiletter control sequences out of 15000+200000
 26682 words of font info for 77 fonts, out of 3000000 for 9000
 1141 hyphenation exceptions out of 8191
 29i,8n,28p,1862b,481s stack positions out of 5000i,500n,10000p,200000b,50000s
{C:/Program Files/MiKTeX 2.9/fonts/enc/dvips/base/8r.enc}<C:/Program Files/Mi
KTeX 2.9/fonts/type1/public/amsfonts/cm/cmmi10.pfb><C:/Program Files/MiKTeX 2.9
/fonts/type1/public/amsfonts/cm/cmr10.pfb><C:/Program Files/MiKTeX 2.9/fonts/ty
pe1/public/amsfonts/cm/cmr7.pfb><C:/Program Files/MiKTeX 2.9/fonts/type1/public
/amsfonts/cm/cmsy10.pfb><C:/Program Files/MiKTeX 2.9/fonts/type1/public/amsfont
s/cm/cmsy7.pfb><C:/Program Files/MiKTeX 2.9/fonts/type1/urw/courier/ucrr8a.pfb>
<C:/Program Files/MiKTeX 2.9/fonts/type1/urw/times/utmb8a.pfb><C:/Program Files
/MiKTeX 2.9/fonts/type1/urw/times/utmr8a.pfb><C:/Program Files/MiKTeX 2.9/fonts
/type1/urw/times/utmri8a.pfb>
Output written on readme.pdf (7 pages, 153976 bytes).
PDF statistics:
 144 PDF objects out of 1000 (max. 8388607)
 22 named destinations out of 1000 (max. 500000)
 51 words of extra memory for PDF output out of 10000 (max. 10000000)

